15 Nov 2022 15:55:58,736 http-nio-8080-exec-1 - hello g
15 Nov 2022 15:56:15,435 http-nio-8080-exec-2 - hello g
15 Nov 2022 15:56:19,726 http-nio-8080-exec-3 - hello g
15 Nov 2022 15:56:22,339 http-nio-8080-exec-4 - hello g
15 Nov 2022 15:57:04,384 http-nio-8080-exec-1 - hello g
15 Nov 2022 16:08:32,075 http-nio-8080-exec-1 - hello g
15 Nov 2022 16:08:32,916 http-nio-8080-exec-2 - hello g
15 Nov 2022 16:08:39,560 http-nio-8080-exec-3 - hello g
15 Nov 2022 16:08:39,711 http-nio-8080-exec-4 - hello g
15 Nov 2022 16:08:39,879 http-nio-8080-exec-5 - hello g
15 Nov 2022 16:11:00,701 http-nio-8080-exec-1 - debug
15 Nov 2022 16:11:00,702 http-nio-8080-exec-1 - info
15 Nov 2022 16:11:00,702 http-nio-8080-exec-1 - warning
15 Nov 2022 16:11:00,702 http-nio-8080-exec-1 - error
15 Nov 2022 16:13:01,503 http-nio-8080-exec-1 - debug
15 Nov 2022 16:13:01,504 http-nio-8080-exec-1 - info
15 Nov 2022 16:13:01,504 http-nio-8080-exec-1 - warning
15 Nov 2022 16:13:01,504 http-nio-8080-exec-1 - error
15 Nov 2022 16:14:12,290 http-nio-8080-exec-1 - debug
15 Nov 2022 16:14:12,292 http-nio-8080-exec-1 - info
15 Nov 2022 16:14:12,292 http-nio-8080-exec-1 - warning
15 Nov 2022 16:14:12,292 http-nio-8080-exec-1 - error
15 Nov 2022 16:14:55,998 http-nio-8080-exec-1 - info
15 Nov 2022 16:14:55,999 http-nio-8080-exec-1 - warning
15 Nov 2022 16:14:55,999 http-nio-8080-exec-1 - error
15 Nov 2022 16:14:56,748 http-nio-8080-exec-2 - info
15 Nov 2022 16:14:56,750 http-nio-8080-exec-2 - warning
15 Nov 2022 16:14:56,750 http-nio-8080-exec-2 - error
19 Jan 2023 15:31:16,621 main - hello
19 Jan 2023 15:31:48,717 main - hello
19 Jan 2023 15:48:48,431 main - hello
